==============================================================================
UdemyRF                                                                       
==============================================================================
UdemyRF.Tests                                                                 
==============================================================================
UdemyRF.Tests.Testdemo6 :: To validate the login form                         
==============================================================================
Place order for multiple items                                        user
| PASS |
------------------------------------------------------------------------------
UdemyRF.Tests.Testdemo6 :: To validate the login form                 | PASS |
1 test, 1 passed, 0 failed
==============================================================================
UdemyRF.Tests                                                         | PASS |
1 test, 1 passed, 0 failed
==============================================================================
UdemyRF                                                               | PASS |
1 test, 1 passed, 0 failed
==============================================================================
Output:  /Users/ubhatia/PycharmProjects/UdemyRF/pabot_results/0/output.xml
