==============================================================================
UdemyRF                                                                       
==============================================================================
UdemyRF.Tests                                                                 
==============================================================================
UdemyRF.Tests.testDemo4 :: Parametrization in Robot framework                 
==============================================================================
Inavlid Username                                                      | PASS |
------------------------------------------------------------------------------
Invalid Password                                                      | PASS |
------------------------------------------------------------------------------
Invalid Username and Password                                         | PASS |
------------------------------------------------------------------------------
UdemyRF.Tests.testDemo4 :: Parametrization in Robot framework         | PASS |
3 tests, 3 passed, 0 failed
==============================================================================
UdemyRF.Tests                                                         | PASS |
3 tests, 3 passed, 0 failed
==============================================================================
UdemyRF                                                               | PASS |
3 tests, 3 passed, 0 failed
==============================================================================
Output:  /Users/ubhatia/PycharmProjects/UdemyRF/pabot_results/4/output.xml
